[1713249181.995][INFO]: Starting ChromeDriver 114.0.5735.90 (386bc09e8f4f2e025eddae123f36f6263096ae49-refs/branch-heads/5735@{#1052}) on port 2861
[1713249181.997][INFO]: Please see https://chromedriver.chromium.org/security-considerations for suggestions on keeping ChromeDriver safe.
[1713249182.767][INFO]: [889403ff55594a651e87d3907e5c95b3] COMMAND InitSession {
   "capabilities": {
      "firstMatch": [ {
         "browserName": "chrome",
         "goog:chromeOptions": {
            "args": [ "--no-sandbox", "--disable-dev-shm-usage", "--disable-extensions", "--disable-gpu", "--headless", "--user-data-dir=C:\\Users\\Miguel\\Desktop\\wsMasivo\\app\\data", "--disable-notifications" ],
            "extensions": [  ]
         }
      } ]
   },
   "desiredCapabilities": {
      "browserName": "chrome",
      "goog:chromeOptions": {
         "args": [ "--no-sandbox", "--disable-dev-shm-usage", "--disable-extensions", "--disable-gpu", "--headless", "--user-data-dir=C:\\Users\\Miguel\\Desktop\\wsMasivo\\app\\data", "--disable-notifications" ],
         "extensions": [  ]
      }
   }
}
[1713249182.783][INFO]: Populating Preferences file: {
   "NewTabPage": {
      "PrevNavigationTime": "13357722042218907"
   },
   "account_tracker_service_last_update": "13357705161408092",
   "alternate_error_pages": {
      "backup": false
   },
   "autocomplete": {
      "retention_policy_last_version": 123
   },
   "autofill": {
      "last_version_deduped": 123
   },
   "browser": {
      "check_default_browser": false,
      "window_placement": {
         "bottom": 1030,
         "left": 10,
         "maximized": false,
         "right": 955,
         "top": 10,
         "work_area_bottom": 1040,
         "work_area_left": 0,
         "work_area_right": 1920,
         "work_area_top": 0
      }
   },
   "countryid_at_install": 20549,
   "dips_timer_last_update": "13357722042127374",
   "distribution": {
      "import_bookmarks": false,
      "import_history": false,
      "import_search_engine": false,
      "make_chrome_default_for_user": false,
      "skip_first_run_ui": true
   },
   "dns_prefetching": {
      "enabled": false
   },
   "domain_diversity": {
      "last_reporting_timestamp": "13357722042375397"
   },
   "enterprise_profile_guid": "81f10674-d7f9-4f89-bedc-9f9e0d5edf98",
   "extensions": {
      "alerts": {
         "initialized": true
      },
      "chrome_url_overrides": {
      }
   },
   "gaia_cookie": {
      "changed_time": 1713231564.37812,
      "hash": "2jmj7l5rSw0yVb/vlWAYkK/YBwk=",
      "last_list_accounts_data": "[\"gaia.l.a.r\",[]]"
   },
   "gcm": {
      "product_category_for_subtypes": "com.chrome.windows"
   },
   "google": {
      "services": {
         "signin_scoped_device_id": "046ee718-8b1f-4736-9881-62c3f41d1f74"
      }
   },
   "in_product_help": {
      "session_last_active_time": "13357722162072748",
      "session_start_time": "13357722039920513"
   },
   "intl": {
      "selected_languages": "es-419,es"
   },
   "invalidation": {
      "per_sender_topics_to_handler": {
         "1013309121859": {
         }
      }
   },
   "media": {
      "engagement": {
         "schema_version": 5
      }
   },
   "media_router": {
      "receiver_id_hash_token": "cRzPf30z++A+xyH4yjd9zF0JNXeohkG+Gw11UsjXHqPvJAlc2MCOroBAEEmtunk0cjKeHU0HkEkok0kTNSBHOw=="
   },
   "ntp": {
      "num_personal_suggestions": 2
   },
   "optimization_guide": {
      "hintsfetcher": {
         "hosts_successfully_fetched": {
         }
      },
      "predictionmodelfetcher": {
         "last_fetch_attempt": "13357722051497069",
         "last_fetch_success": "13357722051837357"
      },
      "previous_optimization_types_with_filter": {
         "AMERICAN_EXPRESS_CREDIT_CARD_FLIGHT_BENEFITS": true,
         "AMERICAN_EXPRESS_CREDIT_CARD_SUBSCRIPTION_BENEFITS": true,
         "CAPITAL_ONE_CREDIT_CARD_DINING_BENEFITS": true,
         "CAPITAL_ONE_CREDIT_CARD_ENTERTAINMENT_BENEFITS": true,
         "CAPITAL_ONE_CREDIT_CARD_GROCERY_BENEFITS": true,
         "CAPITAL_ONE_CREDIT_CARD_STREAMING_BENEFITS": true,
         "HISTORY_CLUSTERS": true,
         "IBAN_AUTOFILL_BLOCKED": true,
         "PIX_PAYMENT_MERCHANT_ALLOWLIST": true,
         "SHARED_CREDIT_CARD_DINING_BENEFITS": true,
         "SHARED_CREDIT_CARD_ENTERTAINMENT_BENEFITS": true,
         "SHARED_CREDIT_CARD_FLIGHT_BENEFITS": true,
         "SHARED_CREDIT_CARD_GROCERY_BENEFITS": true,
         "SHARED_CREDIT_CARD_STREAMING_BENEFITS": true,
         "SHARED_CREDIT_CARD_SUBSCRIPTION_BENEFITS": true,
         "SHOPPING_PAGE_PREDICTOR": true,
         "VCN_MERCHANT_OPT_OUT_VISA": true
      },
      "previously_registered_optimization_types": {
         "ABOUT_THIS_SITE": true,
         "HISTORY_CLUSTERS": true,
         "SHOPPING_PAGE_PREDICTOR": true,
         "V8_COMPILE_HINTS": true
      },
      "store_file_paths_to_delete": {
      }
   },
   "privacy_sandbox": {
      "first_party_sets_data_access_allowed_initialized": true
   },
   "profile": {
      "avatar_index": 26,
      "content_settings": {
         "enable_quiet_permission_ui_enabling_method": {
            "notifications": 1
         },
         "exceptions": {
            "3pcd_heuristics_grants": {
            },
            "3pcd_support": {
            },
            "access_to_get_all_screens_media_in_session": {
            },
            "accessibility_events": {
            },
            "anti_abuse": {
            },
            "app_banner": {
               "https://web.whatsapp.com:443,*": {
                  "last_modified": "13357705174868437",
                  "setting": {
                     "https://web.whatsapp.com/": {
                        "couldShowBannerEvents": 1.3357705174868412e+16,
                        "next_install_text_animation": {
                           "delay": "86400000000",
                           "last_shown": "13357705174867146"
                        }
                     }
                  }
               }
            },
            "ar": {
            },
            "auto_picture_in_picture": {
            },
            "auto_select_certificate": {
            },
            "automatic_downloads": {
            },
            "automatic_fullscreen": {
            },
            "autoplay": {
            },
            "background_sync": {
            },
            "bluetooth_chooser_data": {
            },
            "bluetooth_guard": {
            },
            "bluetooth_scanning": {
            },
            "camera_pan_tilt_zoom": {
            },
            "captured_surface_control": {
            },
            "client_hints": {
               "https://web.whatsapp.com:443,*": {
                  "last_modified": "13357705431144549",
                  "setting": {
                     "client_hints": [ 1, 3, 11, 14, 15, 23 ]
                  }
               }
            },
            "clipboard": {
            },
            "cookie_controls_metadata": {
               "https://[*.]whatsapp.com,*": {
                  "last_modified": "13357705431171345",
                  "setting": {
                  }
               }
            },
            "cookies": {
            },
            "durable_storage": {
            },
            "fedcm_idp_registration": {
            },
            "fedcm_idp_signin": {
               "https://accounts.google.com:443,*": {
                  "last_modified": "13357705164378710",
                  "setting": {
                     "chosen-objects": [ {
                        "idp-origin": "https://accounts.google.com",
                        "idp-signin-status": false
                     } ]
                  }
               }
            },
            "fedcm_share": {
            },
            "file_system_access_chooser_data": {
            },
            "file_system_access_extended_permission": {
            },
            "file_system_access_restore_permission": {
            },
            "file_system_last_picked_directory": {
            },
            "file_system_read_guard": {
            },
            "file_system_write_guard": {
            },
            "formfill_metadata": {
            },
            "geolocation": {
            },
            "hid_chooser_data": {
            },
            "hid_guard": {
            },
            "http_allowed": {
            },
            "https_enforced": {
            },
            "idle_detection": {
            },
            "images": {
            },
            "important_site_info": {
            },
            "insecure_private_network": {
            },
            "intent_picker_auto_display": {
            },
            "javascript": {
            },
            "javascript_jit": {
            },
            "legacy_cookie_access": {
            },
            "local_fonts": {
            },
            "media_engagement": {
               "https://web.whatsapp.com:443,*": {
                  "expiration": "13365481500287300",
                  "last_modified": "13357705500287308",
                  "lifetime": "7776000000000",
                  "setting": {
                     "hasHighScore": false,
                     "lastMediaPlaybackTime": 0.0,
                     "mediaPlaybacks": 0,
                     "visits": 3
                  }
               }
            },
            "media_stream_camera": {
            },
            "media_stream_mic": {
            },
            "midi": {
            },
            "midi_sysex": {
            },
            "mixed_script": {
            },
            "nfc_devices": {
            },
            "notification_interactions": {
            },
            "notification_permission_review": {
            },
            "notifications": {
            },
            "password_protection": {
            },
            "payment_handler": {
            },
            "permission_autoblocking_data": {
            },
            "permission_autorevocation_data": {
            },
            "popups": {
            },
            "private_network_chooser_data": {
            },
            "private_network_guard": {
            },
            "protected_media_identifier": {
            },
            "protocol_handler": {
            },
            "reduced_accept_language": {
            },
            "safe_browsing_url_check_data": {
            },
            "sensors": {
            },
            "serial_chooser_data": {
            },
            "serial_guard": {
            },
            "site_engagement": {
               "https://web.whatsapp.com:443,*": {
                  "last_modified": "13357705496723283",
                  "setting": {
                     "lastEngagementTime": 1.3357705496723256e+16,
                     "lastShortcutLaunchTime": 0.0,
                     "pointsAddedToday": 11.999999999999998,
                     "rawScore": 11.999999999999998
                  }
               }
            },
            "sound": {
            },
            "speaker_selection": {
            },
            "ssl_cert_decisions": {
            },
            "storage_access": {
            },
            "subresource_filter": {
            },
            "subresource_filter_data": {
            },
            "third_party_storage_partitioning": {
            },
            "top_level_3pcd_support": {
            },
            "top_level_storage_access": {
            },
            "unused_site_permissions": {
            },
            "usb_chooser_data": {
            },
            "usb_guard": {
            },
            "vr": {
            },
            "webid_api": {
            },
            "webid_auto_reauthn": {
            },
            "window_placement": {
            }
         },
         "pattern_pairs": {
            "https://*,*": {
               "media-stream": {
                  "audio": "Default",
                  "video": "Default"
               }
            }
         },
         "pref_version": 1
      },
      "creation_time": "13357705159938167",
      "default_content_setting_values": {
         "geolocation": 1
      },
      "default_content_settings": {
         "geolocation": 1,
         "mouselock": 1,
         "notifications": 1,
         "popups": 1,
         "ppapi-broker": 1
      },
      "exit_type": "Normal",
      "last_engagement_time": "13357705496723256",
      "last_time_obsolete_http_credentials_removed": 1713231621.143142,
      "last_time_password_store_metrics_reported": 1713231591.149724,
      "managed": {
         "banner_state": 0
      },
      "managed_user_id": "",
      "name": "Persona 1",
      "password_account_storage_settings": {
      },
      "password_hash_data_list": [  ],
      "password_manager_enabled": false,
      "were_old_google_logins_removed": true
   },
   "safebrowsing": {
      "enabled": false,
      "event_timestamps": {
      },
      "metrics_last_log_time": "13357705160"
   },
   "search": {
      "suggest_enabled": false
   },
   "segmentation_platform": {
      "device_switcher_util": {
         "result": {
            "labels": [ "NotSynced" ]
         }
      },
      "last_db_compaction_time": "13357612799000000"
   },
   "sessions": {
      "event_log": [ {
         "crashed": false,
         "time": "13357705160961136",
         "type": 0
      }, {
         "did_schedule_command": true,
         "first_session_service": true,
         "tab_count": 1,
         "time": "13357705294764540",
         "type": 2,
         "window_count": 1
      }, {
         "crashed": false,
         "time": "13357705325841464",
         "type": 0
      }, {
         "did_schedule_command": true,
         "first_session_service": true,
         "tab_count": 1,
         "time": "13357705385454249",
         "type": 2,
         "window_count": 1
      }, {
         "crashed": false,
         "time": "13357705391508091",
         "type": 0
      }, {
         "did_schedule_command": true,
         "first_session_service": true,
         "tab_count": 1,
         "time": "13357705500278000",
         "type": 2,
         "window_count": 1
      }, {
         "crashed": false,
         "time": "13357722041872777",
         "type": 0
      }, {
         "did_schedule_command": true,
         "first_session_service": true,
         "tab_count": 1,
         "time": "13357722169275997",
         "type": 2,
         "window_count": 1
      } ],
      "session_data_status": 3
   },
   "settings": {
      "a11y": {
         "apply_page_colors_only_on_increased_contrast": true
      }
   },
   "signin": {
      "allowed": true
   },
   "spellcheck": {
      "dictionaries": [ "es" ],
      "dictionary": ""
   },
   "sync": {
      "autofill_wallet_import_enabled_migrated": true
   },
   "tracking_protection": {
      "tracking_protection_3pcd_enabled": false
   },
   "translate": {
      "enabled": false
   },
   "translate_site_blacklist": [  ],
   "translate_site_blocklist_with_time": {
   },
   "web_apps": {
      "daily_metrics": {
         "https://web.whatsapp.com/": {
            "background_duration_sec": 0,
            "captures_links": false,
            "effective_display_mode": 3,
            "foreground_duration_sec": 0,
            "installed": false,
            "num_sessions": 0,
            "promotable": true
         }
      },
      "daily_metrics_date": "13357630800000000",
      "did_migrate_default_chrome_apps": [ "MigrateDefaultChromeAppToWebAppsGSuite", "MigrateDefaultChromeAppToWebAppsNonGSuite" ],
      "error_loaded_policy_apps_migrated": true,
      "last_preinstall_synchronize_version": "123"
   }
}
[1713249182.787][INFO]: Populating Local State file: {
   "background_mode": {
      "enabled": false
   },
   "breadcrumbs": {
      "enabled": false,
      "enabled_time": "13357705160635889"
   },
   "browser": {
      "shortcut_migration_version": "123.0.6312.123"
   },
   "hardware_acceleration_mode_previous": true,
   "legacy": {
      "profile": {
         "name": {
            "migrated": true
         }
      }
   },
   "local": {
      "password_hash_data_list": [  ]
   },
   "management": {
      "platform": {
         "azure_active_directory": 0,
         "enterprise_mdm_win": 0
      }
   },
   "optimization_guide": {
      "model_cache_key_mapping": {
         "152C774BDF140B4485": "4F40902F3B6AE19A",
         "202C774BDF140B4485": "4F40902F3B6AE19A",
         "22C774BDF140B4485": "4F40902F3B6AE19A",
         "252C774BDF140B4485": "4F40902F3B6AE19A",
         "262C774BDF140B4485": "4F40902F3B6AE19A",
         "312C774BDF140B4485": "4F40902F3B6AE19A",
         "342C774BDF140B4485": "4F40902F3B6AE19A",
         "92C774BDF140B4485": "4F40902F3B6AE19A"
      },
      "model_store_metadata": {
         "15": {
            "4F40902F3B6AE19A": {
               "et": "13360297253077520",
               "kbvd": true,
               "mbd": "15\\2C774BDF140B4485\\5F810AB59398992E",
               "v": "4"
            }
         },
         "2": {
            "4F40902F3B6AE19A": {
               "et": "13360297200955125",
               "kbvd": true,
               "mbd": "2\\2C774BDF140B4485\\78D228B0BD575B57",
               "v": "1679317318"
            }
         },
         "20": {
            "4F40902F3B6AE19A": {
               "et": "13360314064615448",
               "kbvd": false,
               "mbd": "20\\2C774BDF140B4485\\1B78A5C989DAAEE7",
               "v": "1710774261"
            }
         },
         "25": {
            "4F40902F3B6AE19A": {
               "et": "13360297453621626",
               "kbvd": false,
               "mbd": "25\\2C774BDF140B4485\\8BBD289CB27DA1D0",
               "v": "1711378964"
            }
         },
         "26": {
            "4F40902F3B6AE19A": {
               "et": "13369801453621889",
               "kbvd": false,
               "mbd": "26\\2C774BDF140B4485\\944599B80862E2D9",
               "v": "1696267841"
            }
         },
         "31": {
            "4F40902F3B6AE19A": {
               "et": "13360314064616741",
               "kbvd": false,
               "mbd": "31\\2C774BDF140B4485\\E1390A9B274C8E8E",
               "v": "1691042511"
            }
         },
         "34": {
            "4F40902F3B6AE19A": {
               "et": "13358931664621976",
               "kbvd": false,
               "mbd": "34\\2C774BDF140B4485\\270C92FC47480562",
               "v": "1689043206"
            }
         },
         "9": {
            "4F40902F3B6AE19A": {
               "et": "13360314064612375",
               "kbvd": false,
               "mbd": "9\\2C774BDF140B4485\\F8F23634B32247E8",
               "v": "1710774288"
            }
         }
      }
   },
   "os_crypt": {
      "app_bound_fixed_data": "AQAAANCMnd8BFdERjHoAwE/Cl+sBAAAAL5BvX8PtHEemXAmY/NsNOAAAAAACAAAAAAAQZgAAAAEAACAAAAA7WTwU6xwbJxqtRqNzYNbkgGxGbVFVaH0Uqzvp9HaD8AAAAAAOgAAAAAIAACAAAACfWwp9K4hIxP1fJdb3ny9AOnXv/yXQvmGVTOs/OXDH12ABAADeDLIwHEHsBdDjtEOOEYxnzKW0IwssxPwiCDDxNmSN5/1LxQIlcoSbXWExVsta6ptBBcc89ZUgEtemf682EjoIpqTET5vQpF1iZvdgFXsZuiVU9+2z4gGeQZJKpvk5VpVjre4JuEcLJGqCljNtEAsOhY40tElEBs3Q1QXGF1UoGxzhuQKcHy78JPiZvdt5tTBo9DoE8bEXrFXaMOrYJGgusQwRkvwK1OgfnrXSgGCRMWntemkuoSXb/JWiULFB+0yAob2j2X9WwPWXbzRNJgXnbxXxE3We8Cq8csrMfGoL+cjgXFmeMLOiNjZgdfeVkE7Bxaa3IgW0b7ZM3n8mIgv7jHRbCEP3PHiTijDJmunz5eZeBd8kTFdvPIThsOr2Ad9pQhq6oWCB51/vtXzcA3L0QKRdWlpwO/9zuV6X3w1ofMNKA5sJzDDS6spsJUI0UVGustK/kGcliTzfW5acyRQnQAAAAAAK8+8kEusCTP7wklcB1yuPTyRuifFzoAObn5i3tGA+pXkYDq8tiJT6v1EHFPEUGSo6f8DrDIK5iKjhdXzkNqU=",
      "audit_enabled": true,
      "encrypted_key": "RFBBUEkBAAAA0Iyd3wEV0RGMegDAT8KX6wEAAADP8axutJs9RaUyiU2emQPcEAAAABwAAABHAG8AbwBnAGwAZQAgAEMAaAByAG8AbQBlAAAAEGYAAAABAAAgAAAAiMnfN9sjAjgC9KO+rLlNpY842xnGFLuT8dI9RoyzSVYAAAAADoAAAAACAAAgAAAA2uFFPz0MQtR9CEzOn7os11EEtR5moM/IFaexNvDt4nUwAAAAWthru6+vwLfNGjfUPrLFBGNcLogAqLz1uLCVqfo22yuLRGVbepNaxisLVeSGLes6QAAAAFUPsWTQ5MoxV1meI5M4dhSKzIwVRc7sn5P4US3hwPCGv1gopZYt4sIy90WU2MqD+szqH9CcwsHrSnbv8XoyZy0="
   },
   "policy": {
      "last_statistics_update": "13357705160633967"
   },
   "profile": {
      "info_cache": {
         "Default": {
            "active_time": 1713248442.349728,
            "avatar_icon": "chrome://theme/IDR_PROFILE_AVATAR_26",
            "background_apps": false,
            "force_signin_profile_locked": false,
            "gaia_given_name": "",
            "gaia_id": "",
            "gaia_name": "",
            "hosted_domain": "",
            "is_consented_primary_account": false,
            "is_ephemeral": false,
            "is_using_default_avatar": true,
            "is_using_default_name": true,
            "managed_user_id": "",
            "metrics_bucket_index": 1,
            "name": "Persona 1",
            "signin.with_credential_provider": false,
            "user_name": ""
         }
      },
      "last_active_profiles": [  ],
      "metrics": {
         "next_bucket_index": 2
      },
      "profile_counts_reported": "13357705160640851",
      "profiles_order": [ "Default" ]
   },
   "profile_network_context_service": {
      "http_cache_finch_experiment_groups": "None None None None"
   },
   "session_id_generator_last_value": "1165970736",
   "ssl": {
      "rev_checking": {
         "enabled": false
      }
   },
   "subresource_filter": {
      "ruleset_version": {
         "checksum": 870045015,
         "content": "9.49.1",
         "format": 36
      }
   },
   "tab_stats": {
      "discards_external": 0,
      "discards_proactive": 0,
      "discards_urgent": 0,
      "last_daily_sample": "13357705160577225",
      "max_tabs_per_window": 1,
      "reloads_external": 0,
      "reloads_proactive": 0,
      "reloads_urgent": 0,
      "total_tab_count_max": 1,
      "window_count_max": 1
   },
   "ukm": {
      "persisted_logs": [  ]
   },
   "uninstall_metrics": {
      "installation_date2": "1687151524"
   },
   "updateclientdata": {
      "apps": {
         "eeigpngbgcognadeebkilcpcaedhellh": {
            "cohort": "1:w59:",
            "cohortname": "Auto",
            "dlrc": 6314,
            "installdate": 6314,
            "pf": "a1599ee4-738f-4c81-a403-a5b0ebb4d602"
         },
         "efniojlnjndmcbiieegkicadnoecjjef": {
            "cohort": "1:18ql:",
            "cohortname": "Auto Stage3",
            "dlrc": 6314,
            "fp": "1.ccf35420925e20b0e6db8104eb982322ba27f500008f96049781785470937584",
            "installdate": 6314,
            "max_pv": "0.0.0.0",
            "pf": "73d7ef9f-87af-4052-a52c-baa1d9624509",
            "pv": "927"
         },
         "ehgidpndbllacpjalkiimkbadgjfnnmc": {
            "cohort": "1:ofl:",
            "cohortname": "stable64",
            "dlrc": 6314,
            "fp": "1.a8a79d350c2a5e3bc36226633a8e0bed0dfab184e77f38fc8f0820ebacf8eafc",
            "installdate": 6314,
            "max_pv": "0.0.0.0",
            "pf": "7bf58c17-7a8d-48cd-a5db-2aa8ecfd0e37",
            "pv": "2018.8.8.0"
         },
         "gcmjkmgdlgnkkcocmoeiminaijmmjnii": {
            "cohort": "1:bm1:",
            "cohortname": "Stable",
            "dlrc": 6314,
            "installdate": 6314,
            "pf": "d5e2babc-24f0-4fe0-8bb9-efe2019be51c"
         },
         "ggkkehgbnfjpeggfpleeakpidbkibbmn": {
            "cohort": "1:ut9/1a0f:23ml@0.5",
            "cohortname": "M108 and Above",
            "dlrc": 6314,
            "installdate": 6314,
            "pf": "786bc562-dd2f-477c-ae4b-c7c30d991109"
         },
         "giekcmmlnklenlaomppkphknjmnnpneh": {
            "cohort": "1:j5l:",
            "cohortname": "Auto",
            "dlrc": 6314,
            "fp": "1.3eb16d6c28b502ac4cfee8f4a148df05f4d93229fa36a71db8b08d06329ff18a",
            "installdate": 6314,
            "max_pv": "0.0.0.0",
            "pf": "681c19e7-0c56-4bae-85a8-123dc52977af",
            "pv": "7"
         },
         "gonpemdgkjcecdgbnaabipppbmgfggbe": {
            "cohort": "1:z1x:",
            "cohortname": "Auto",
            "dlrc": 6314,
            "installdate": 6314,
            "pf": "d4e63abe-06be-43af-8b30-1f52ef55e0c6"
         },
         "hfnkpimlhhgieaddgfemjhofmfblmnib": {
            "cohort": "1:2879:",
            "cohortname": "Auto androidlowmem",
            "dlrc": 6314,
            "fp": "1.df257b0d832d4dacb15a402f08920bb04535e95c3db928f4a8faf491b7784b70",
            "installdate": 6314,
            "max_pv": "0.0.0.0",
            "pf": "5bfa7e17-a9c8-4b09-a925-9d916db7503d",
            "pv": "8674"
         },
         "ihnlcenocehgdaegdmhbidjhnhdchfmm": {
            "cohort": "1::",
            "cohortname": "",
            "dlrc": 6314,
            "installdate": 6314,
            "pf": "8fce4d07-3766-452d-8f1e-c130ad36b308"
         },
         "jamhcnnkihinmdlkakkaopbjbbcngflc": {
            "cohort": "1:wvr:",
            "cohortname": "Auto",
            "dlrc": 6314,
            "installdate": 6314,
            "pf": "d42e7196-e1ca-44c7-8ca9-72cee1f781ad"
         },
         "jflhchccmppkfebkiaminageehmchikm": {
            "cohort": "1:26yf:",
            "cohortname": "Stable",
            "dlrc": 6314,
            "installdate": 6314,
            "pf": "07e970fa-16f8-4595-a073-bdf9d02da13c"
         },
         "jflookgnkcckhobaglndicnbbgbonegd": {
            "cohort": "1:s7x:",
            "cohortname": "Auto",
            "dlrc": 6314,
            "fp": "1.0bd20c0ed22291b160114420a22e8ae9fd79a002cff2efdff99285f35a15f629",
            "installdate": 6314,
            "max_pv": "0.0.0.0",
            "pf": "f494b4b4-143a-45cb-b4d1-9341bdeab9a1",
            "pv": "3026"
         },
         "khaoiebndkojlmppeemjhbpbandiljpe": {
            "cohort": "1:cux:",
            "cohortname": "Auto",
            "dlrc": 6314,
            "fp": "1.f4f1eb04881095d1cc8f2e1799a8144c10476dc1088a03ecdb4418644040a554",
            "installdate": 6314,
            "max_pv": "0.0.0.0",
            "pf": "7b653aad-daf2-4714-b61c-a93eedec2c68",
            "pv": "63"
         },
         "kiabhabjdbkjdpjbpigfodbdjmbglcoo": {
            "cohort": "1:v3l:",
            "cohortname": "Auto",
            "dlrc": 6314,
            "fp": "1.90b91aaa463ef666bf030c7f14b7046738dee86d64321b28cb834d04bbfea4b3",
            "installdate": 6314,
            "max_pv": "0.0.0.0",
            "pf": "9446f7a8-4de5-4cf5-8c59-1cde81e8f748",
            "pv": "2024.3.25.1"
         },
         "laoigpblnllgcgjnjnllmfolckpjlhki": {
            "cohort": "1:10zr:",
            "cohortname": "Auto",
            "dlrc": 6314,
            "installdate": 6314,
            "pf": "6e0d8fe1-1054-4089-8f49-df5e3ea4afa3"
         },
         "llkgjffcdpffmhiakmfcdcblohccpfmo": {
            "cohort": "1::",
            "cohortname": "",
            "dlrc": 6314,
            "installdate": 6314,
            "pf": "8258f24f-7711-4549-bac9-356c589091ed"
         },
         "lmelglejhemejginpboagddgdfbepgmp": {
            "cohort": "1:lwl:2c7f@0.025",
            "cohortname": "Auto",
            "dlrc": 6314,
            "fp": "1.0312d42f5f3877a12e6f5da85001549cd9dd435debf72aee5652d1f6a550d351",
            "installdate": 6314,
            "max_pv": "0.0.0.0",
            "pf": "eef47b42-a681-4163-b6c3-fefc30ef725d",
            "pv": "442"
         },
         "neifaoindggfcjicffkgpmnlppeffabd": {
            "cohort": "1:1299:",
            "cohortname": "Auto",
            "dlrc": 6314,
            "fp": "1.c900ba9a2d8318263fd43782ee6fd5fb50bad78bf0eb2c972b5922c458af45ed",
            "installdate": 6314,
            "max_pv": "0.0.0.0",
            "pf": "48ac3967-193b-410f-8bc6-4ef3dc16c226",
            "pv": "1.0.2738.0"
         },
         "niikhdgajlphfehepabhhblakbdgeefj": {
            "cohort": "1:1uh3:",
            "cohortname": "Auto Main Cohort.",
            "dlrc": 6314,
            "fp": "1.317672878e66fe3117c5c27c1c7b2bacc00f60863e1a6bebf0a7ffe43353b08b",
            "installdate": 6314,
            "max_pv": "0.0.0.0",
            "pf": "2841e927-142a-4632-b797-259aafc35da6",
            "pv": "2024.4.10.0"
         },
         "obedbbhbpmojnkanicioggnmelmoomoc": {
            "cohort": "1:s6f:2anf@0.025",
            "cohortname": "Auto",
            "dlrc": 6314,
            "installdate": 6314,
            "pf": "744a631f-91cf-4738-81d7-0211b41a558a"
         },
         "oimompecagnajdejgnnjijobebaeigek": {
            "cohort": "1:1zdx:",
            "cohortname": "4.10.2710.0 to Windows (x86/x64)",
            "dlrc": 6314,
            "installdate": 6314,
            "pf": "417ec701-07bc-42ff-9224-6b1ebec8b8b3"
         },
         "ojhpjlocmbogdgmfpkhlaaeamibhnphh": {
            "cohort": "1:w0x:",
            "cohortname": "All users",
            "dlrc": 6314,
            "installdate": 6314,
            "pf": "374106af-c067-4bed-9ec8-be04d0658171"
         }
      }
   },
   "user_experience_metrics": {
      "client_id2": "e4197222-7e4d-4fdd-94ea-7e63cbf4c522",
      "client_id_timestamp": "1687151524",
      "low_entropy_source3": 6045,
      "machine_id": 15558917,
      "pseudo_low_entropy_source": 7682,
      "session_id": 3,
      "stability": {
         "browser_last_live_timestamp": "13357722169552218",
         "exited_cleanly": true,
         "stats_buildtime": "1712603756",
         "stats_version": "123.0.6312.123-64",
         "system_crash_count": 0
      }
   },
   "variations_google_groups": {
      "Default": [  ]
   },
   "variations_limited_entropy_synthetic_trial_seed": "68",
   "was": {
      "restarted": false
   }
}
[1713249182.798][INFO]: Launching chrome: "C:\Program Files\Google\Chrome\Application\chrome.exe" --allow-pre-commit-input --disable-background-networking --disable-backgrounding-occluded-windows --disable-client-side-phishing-detection --disable-default-apps --disable-dev-shm-usage --disable-extensions --disable-gpu --disable-hang-monitor --disable-notifications --disable-popup-blocking --disable-prompt-on-repost --disable-sync --enable-automation --enable-logging --headless --log-level=0 --no-first-run --no-sandbox --no-service-autorun --password-store=basic --remote-debugging-port=0 --test-type=webdriver --use-mock-keychain --user-data-dir="C:\Users\Miguel\Desktop\wsMasivo\app\data" data:,
[1713249183.213][DEBUG]: DevTools HTTP Request: http://localhost:64811/json/version
[1713249183.576][DEBUG]: DevTools HTTP Response: {
   "Browser": "HeadlessChrome/123.0.6312.123",
   "Protocol-Version": "1.3",
   "User-Agent": "Mozilla/5.0 (Windows NT 10.0; Win64; x64) AppleWebKit/537.36 (KHTML, like Gecko) HeadlessChrome/123.0.6312.123 Safari/537.36",
   "V8-Version": "12.3.219.16",
   "WebKit-Version": "537.36 (@31f8248cdd90acbac59f700b603fed0b5967ca50)",
   "webSocketDebuggerUrl": "ws://localhost:64811/devtools/browser/1dd40556-b681-4ee7-8736-074d171f5176"
}

[1713249183.576][INFO]: Failed to connect to Chrome. Attempting to kill it.
[1713249184.046][INFO]: [889403ff55594a651e87d3907e5c95b3] RESPONSE InitSession ERROR session not created: This version of ChromeDriver only supports Chrome version 114
Current browser version is 123.0.6312.123 with binary path C:\Program Files\Google\Chrome\Application\chrome.exe
[1713249184.047][DEBUG]: Log type 'driver' lost 0 entries on destruction
[1713249184.047][DEBUG]: Log type 'browser' lost 0 entries on destruction
