[9692:400:0416/021952.904:WARNING:chrome_main_delegate.cc(740)] This is Chrome version 123.0.6312.123 (not a warning)
[9692:400:0416/021953.089:INFO:policy_logger.cc(145)] :components\enterprise\browser\controller\chrome_browser_cloud_management_controller.cc(168) Starting CBCM Controller Initialization
[9692:400:0416/021953.089:INFO:policy_logger.cc(145)] :components\enterprise\browser\controller\chrome_browser_cloud_management_controller.cc(196) No machine level policy manager exists.
[9692:400:0416/021956.631:INFO:CONSOLE(428)] "Permissions policy violation: unload is not allowed in this document.", source: https://www.google.com/xjs/_/js/k=xjs.hd.en.2IEY5mMCrOA.O/am=AAAAAAAAAAAAAAAAAAAAAAAAAAAAAAAAAgAAAAAkgAIAAIoBAGAAAAAAgMAQADAAIACLAEgEBCQIABgCQBCAhzIBgIAJAAAACAAIAQgCAIAAAABAAQAAAAAAAAAAgAECBAAAAAAAAAAAAAA6AAAIAIBggxAAgAAAAADkAQgOwCCFAQAAAAAAAAAAAAACkCCYCxJQEAABAAAAAAAAAAAAAJBKJxbG/d=1/ed=1/dg=2/br=1/rs=ACT90oFmQGGvUBiutjUfHeJABFqV87Zhmw/ee=ALeJib:B8gLwd;AfeaP:TkrAjf;Afksuc:wMx0R;BMxAGc:E5bFse;BgS6mb:fidj5d;BjwMce:cXX2Wb;CxXAWb:YyRLvc;DM55c:imLrKe;DULqB:RKfG5c;Dkk6ge:wJqrrd;DpcR3d:zL72xf;EABSZ:MXZt9d;ESrPQc:mNTJvc;EVNhjf:pw70Gc;EmZ2Bf:zr1jrb;EnlcNd:WeHg4;Erl4fe:FloWmf,FloWmf;F9mqte:UoRcbe;Fmv9Nc:O1Tzwc;G0KhTb:LIaoZ;G6wU6e:hezEbd;GleZL:J1A7Od;HMDDWe:G8QUdb;HqeXPd:cmbnH;IBADCc:RYquRb;IoGlCf:b5lhvb;IsdWVc:qzxzOb;JXS8fb:Qj0suc;JbMT3:M25sS;JsbNhc:Xd8iUd;KOxcK:OZqGte;KQzWid:ZMKkN;KcokUb:KiuZBf;KeeMUb:HiPxjc;KpRAue:Tia57b;LBgRLc:XVMNvd;LEikZe:byfTOb,lsjVmc;LsNahb:ucGLNb;Me32dd:MEeYgc;NPKaK:PVlQOd;NSEoX:lazG7b;Np8Qkd:Dpx6qc;Nyt6ic:jn2sGd;OgagBe:cNTe0;Oj465e:KG2eXe,KG2eXe;OohIYe:mpEAQb;Pjplud:EEDORb,PoEs9b;Q1Ow7b:x5CSu;Q6C5kf:pfdZCe;QGR0gd:Mlhmy;R2kc8b:ALJqWb;R4IIIb:QWfeKf;R9Ulx:CR7Ufe;RDNBlf:zPRCJb;SLtqO:Kh1xYe;SMDL4c:fTfGO,fTfGO;SNUn3:ZwDk9d,x8cHvb;ShpF6e:N0pvGc;TxfV6d:YORN0b;U96pRd:FsR04;UDrY1c:eps46d;UVmjEd:EesRsb;UyG7Kb:wQd0G;V2HTTe:RolTY;VGRfx:VFqbr;VN6jIc:ddQyuf;VOcgDe:YquhTb;VsAqSb:PGf2Re;VxQ32b:k0XsBb;WCEKNd:I46Hvd;WDGyFe:jcVOxd;Wfmdue:g3MJlb;XUezZ:sa7lqb;YV5bee:IvPZ6d;YkQtAf:rx8ur;ZMvdv:PHFPjb;ZWEUA:afR4Cf;a56pNe:JEfCwb;aAJE9c:WHW6Ef;aZ61od:arTwJ;bDXwRe:UsyOtc;bFZ6gf:RsDQqe;bcPXSc:gSZLJb;cEt90b:ws9Tlc;cFTWae:gT8qnd;coJ8e:KvoW8;dIoSBb:ZgGg9b;dLlj2:Qqt3Gf;daB6be:lMxGPd;dtl0hd:lLQWFe;eBAeSb:Ck63tb;eBZ5Nd:VruDBd;eHDfl:ofjVkb;eO3lse:nFClrf;fWLTFc:TVBJbf;g8nkx:U4MzKc;gaub4:TN6bMe;gtVSi:ekUOYd;h3MYod:cEt90b;hK67qb:QWEO5b;heHB1:sFczq;hjRo6e:F62sG;hsLsYc:Vl118;iFQyKf:QIhFr,vfuNJf;imqimf:jKGL2e;io8t5d:sgY6Zb;jY0zg:Q6tNgc;k2Qxcb:XY51pe;kCQyJ:ueyPK;kMFpHd:OTA3Ae;kbAm9d:MkHyGd;lkq0A:JyBE3e;nAFL3:NTMZac,s39S4;oGtAuc:sOXFj;oSUNyd:fTfGO,fTfGO;oUlnpc:RagDlc;okUaUd:wItadb;p2tIDb:tp1Cx;pKJiXd:VCenhc;pNsl2d:j9Yuyc;pXdRYb:JKoKVe;pj82le:mg5CW;qZx2Fc:j0xrE;qaS3gd:yiLg6e;qavrXe:zQzcXe;qddgKe:d7YSfd,x4FYXe;rQSrae:C6D5Fc;sP4Vbe:VwDzFe;sTsDMc:kHVSUb;tH4IIe:Ymry6;tosKvd:ZCqP3;trZL0b:qY8PFe;uY49fb:COQbmf;uuQkY:u2V3ud;vGrMZ:lPJJ0c;vfVwPd:lcrkwe;w3bZCb:ZPGaIb;w4rSdf:XKiZ9;w9w86d:dt4g2b;wQlYve:aLUfP;wR5FRb:TtcOte;wV5Pjc:L8KGxe;whEZac:F4AmNb;xBbsrc:NEW1Qc;yGxLoc:FmAr0c;yxTchf:KUM7Z;z97YGf:oug9te;zOsCQe:Ko78Df;zaIgPb:Qtpxbd/m=cdos,hsm,jsa,mb4ZUb,d,csi,cEt90b,SNUn3,qddgKe,sTsDMc,dtl0hd,eHDfl (428)
[9692:400:0416/021957.119:INFO:CONSOLE(0)] "The Content Security Policy directive 'upgrade-insecure-requests' is ignored when delivered in a report-only policy.", source:  (0)
[9692:400:0416/021957.581:INFO:CONSOLE(137)] "Event handler of 'x-storagemutated-1' event must be added on the initial evaluation of worker script.", source: https://static.whatsapp.net/rsrc.php/v3/yR/r/COD_gZZMZMK.js?_nc_x=Ij3Wp8lg5Kz (137)
[9692:400:0416/021957.905:INFO:CONSOLE(0)] "Error with Permissions-Policy header: Origin trial controlled feature not enabled: 'attribution-reporting'.", source:  (0)
[9692:16160:0416/022013.078:WARNING:page_discarding_helper.cc(130)] Discarding multiple pages with target (kb): 0
[9692:16160:0416/022018.083:WARNING:page_discarding_helper.cc(130)] Discarding multiple pages with target (kb): 0
[9692:400:0416/022020.309:INFO:CONSOLE(0)] "Error with Permissions-Policy header: Origin trial controlled feature not enabled: 'attribution-reporting'.", source:  (0)
[9692:1380:0416/022033.095:WARNING:page_discarding_helper.cc(130)] Discarding multiple pages with target (kb): 0
[9692:10272:0416/022038.108:WARNING:page_discarding_helper.cc(130)] Discarding multiple pages with target (kb): 0
[9692:400:0416/022042.117:INFO:CONSOLE(0)] "Error with Permissions-Policy header: Origin trial controlled feature not enabled: 'attribution-reporting'.", source:  (0)
[9692:10272:0416/022043.108:WARNING:page_discarding_helper.cc(130)] Discarding multiple pages with target (kb): 0
[9692:1380:0416/022053.121:WARNING:page_discarding_helper.cc(130)] Discarding multiple pages with target (kb): 0
[9692:16480:0416/022058.122:WARNING:page_discarding_helper.cc(130)] Discarding multiple pages with target (kb): 0
[9692:400:0416/022101.310:INFO:CONSOLE(0)] "Error with Permissions-Policy header: Origin trial controlled feature not enabled: 'attribution-reporting'.", source:  (0)
[9692:400:0416/022102.047:INFO:CONSOLE(137)] "Event handler of 'x-storagemutated-1' event must be added on the initial evaluation of worker script.", source: https://static.whatsapp.net/rsrc.php/v3/yc/r/LIFx1v4mTWm.js?_nc_x=Ij3Wp8lg5Kz (137)
[9692:10272:0416/022103.130:WARNING:page_discarding_helper.cc(130)] Discarding multiple pages with target (kb): 0
[9692:400:0416/022106.290:INFO:CONSOLE(137)] "Event handler of 'x-storagemutated-1' event must be added on the initial evaluation of worker script.", source: https://static.whatsapp.net/rsrc.php/v3/yc/r/LIFx1v4mTWm.js?_nc_x=Ij3Wp8lg5Kz (137)
[9692:16480:0416/022108.140:WARNING:page_discarding_helper.cc(130)] Discarding multiple pages with target (kb): 0
[9692:10272:0416/022113.144:WARNING:page_discarding_helper.cc(130)] Discarding multiple pages with target (kb): 0
[9692:17144:0416/022118.152:WARNING:page_discarding_helper.cc(130)] Discarding multiple pages with target (kb): 0
[9692:400:0416/022121.581:INFO:CONSOLE(0)] "Error with Permissions-Policy header: Origin trial controlled feature not enabled: 'attribution-reporting'.", source:  (0)
[9692:10328:0416/022123.165:WARNING:page_discarding_helper.cc(130)] Discarding multiple pages with target (kb): 0
[9692:400:0416/022125.677:INFO:CONSOLE(137)] "Event handler of 'x-storagemutated-1' event must be added on the initial evaluation of worker script.", source: https://static.whatsapp.net/rsrc.php/v3/yc/r/LIFx1v4mTWm.js?_nc_x=Ij3Wp8lg5Kz (137)
[9692:10328:0416/022128.167:WARNING:page_discarding_helper.cc(130)] Discarding multiple pages with target (kb): 0
[9692:10272:0416/022133.181:WARNING:page_discarding_helper.cc(130)] Discarding multiple pages with target (kb): 0
[9692:10328:0416/022138.186:WARNING:page_discarding_helper.cc(130)] Discarding multiple pages with target (kb): 0
[9692:400:0416/022141.776:INFO:CONSOLE(0)] "Error with Permissions-Policy header: Origin trial controlled feature not enabled: 'attribution-reporting'.", source:  (0)
[9692:10272:0416/022143.193:WARNING:page_discarding_helper.cc(130)] Discarding multiple pages with target (kb): 0
[9692:400:0416/022145.775:INFO:CONSOLE(137)] "Event handler of 'x-storagemutated-1' event must be added on the initial evaluation of worker script.", source: https://static.whatsapp.net/rsrc.php/v3/yc/r/LIFx1v4mTWm.js?_nc_x=Ij3Wp8lg5Kz (137)
[9692:16160:0416/022148.193:WARNING:page_discarding_helper.cc(130)] Discarding multiple pages with target (kb): 0
[9692:17144:0416/022153.208:WARNING:page_discarding_helper.cc(130)] Discarding multiple pages with target (kb): 0
[9692:16480:0416/022158.211:WARNING:page_discarding_helper.cc(130)] Discarding multiple pages with target (kb): 0
[9692:400:0416/022203.009:INFO:CONSOLE(0)] "Error with Permissions-Policy header: Origin trial controlled feature not enabled: 'attribution-reporting'.", source:  (0)
[9692:16160:0416/022203.214:WARNING:page_discarding_helper.cc(130)] Discarding multiple pages with target (kb): 0
[9692:400:0416/022207.197:INFO:CONSOLE(137)] "Event handler of 'x-storagemutated-1' event must be added on the initial evaluation of worker script.", source: https://static.whatsapp.net/rsrc.php/v3/yc/r/LIFx1v4mTWm.js?_nc_x=Ij3Wp8lg5Kz (137)
[9692:400:0416/022224.653:WARNING:pref_notifier_impl.cc(41)] Pref observer for media_router.cast_allow_all_ips found at shutdown.
